01:03:45 [main] DEBUG - Finished scanning class: com.oop.project.services.PokemonService
01:03:45 [main] DEBUG - Finished scanning class: com.oop.project.repositories.TrainerRepository
01:03:45 [main] DEBUG - Finished scanning class: com.oop.project.ApplicationRunner
01:03:45 [main] DEBUG - Finished scanning class: com.oop.project.services.TrainerService
01:03:45 [main] DEBUG - Finished scanning class: com.oop.project.repositories.ItemRepository
01:03:45 [main] DEBUG - Finished scanning class: com.oop.project.repositories.PokemonRepository
01:03:45 [main] ERROR - Unexpected exception: 
java.lang.RuntimeException: Multiple constructors, but no @Autowired constructor for class [class com.oop.project.models.BattlePokemon]
	at com.oop.project.ioc.initialization.DependentComponentScanner.getConstructor(DependentComponentScanner.java:92) ~[classes/:?]
	at com.oop.project.ioc.initialization.DependentComponentScanner.scanClass(DependentComponentScanner.java:66) ~[classes/:?]
	at java.util.stream.ReferencePipeline$3$1.accept(ReferencePipeline.java:197) ~[?:?]
	at java.util.stream.ReferencePipeline$2$1.accept(ReferencePipeline.java:179) ~[?:?]
	at java.util.stream.ReferencePipeline$2$1.accept(ReferencePipeline.java:179) ~[?:?]
	at java.util.HashMap$KeySpliterator.forEachRemaining(HashMap.java:1707) ~[?:?]
	at java.util.stream.AbstractPipeline.copyInto(AbstractPipeline.java:509) ~[?:?]
	at java.util.stream.AbstractPipeline.wrapAndCopyInto(AbstractPipeline.java:499) ~[?:?]
	at java.util.stream.ReduceOps$ReduceOp.evaluateSequential(ReduceOps.java:921) ~[?:?]
	at java.util.stream.AbstractPipeline.evaluate(AbstractPipeline.java:234) ~[?:?]
	at java.util.stream.ReferencePipeline.collect(ReferencePipeline.java:682) ~[?:?]
	at com.oop.project.ioc.initialization.DependentComponentScanner.scanPrefix(DependentComponentScanner.java:45) ~[classes/:?]
	at com.oop.project.ioc.initialization.DependentComponentScanner.scanPrefixes(DependentComponentScanner.java:30) ~[classes/:?]
	at com.oop.project.ioc.initialization.ConfigurationFirstComponentScanner.scanPrefixes(ConfigurationFirstComponentScanner.java:19) ~[classes/:?]
	at com.oop.project.ioc.ContainerContext.scanAllPrefixes(ContainerContext.java:62) ~[classes/:?]
	at com.oop.project.ioc.ContainerContext.initContainer(ContainerContext.java:50) ~[classes/:?]
	at com.oop.project.Main.main(Main.java:18) [classes/:?]
01:04:08 [main] DEBUG - Finished scanning class: com.oop.project.services.PokemonService
01:04:08 [main] DEBUG - Finished scanning class: com.oop.project.repositories.TrainerRepository
01:04:08 [main] DEBUG - Finished scanning class: com.oop.project.ApplicationRunner
01:04:08 [main] DEBUG - Finished scanning class: com.oop.project.services.TrainerService
01:04:08 [main] DEBUG - Finished scanning class: com.oop.project.repositories.ItemRepository
01:04:08 [main] DEBUG - Finished scanning class: com.oop.project.repositories.PokemonRepository
01:04:08 [main] DEBUG - Finished scanning class: com.oop.project.models.BattlePokemon
01:04:08 [main] DEBUG - Finished scanning class: com.oop.project.services.ItemService
01:04:08 [main] INFO  - Registered new bean: com.oop.project.repositories.PokemonRepository
01:04:08 [main] INFO  - Registered new bean: com.oop.project.repositories.PokemonRepository
01:04:08 [main] INFO  - Reading objects from: pokemons.json
01:04:09 [main] INFO  - Registered new bean: com.oop.project.services.PokemonService
01:04:09 [main] INFO  - Registered new bean: com.oop.project.repositories.TrainerRepository
01:04:09 [main] INFO  - Registered new bean: com.oop.project.models.BattlePokemon
01:04:09 [main] INFO  - Registered new bean: com.oop.project.repositories.PokemonRepository
01:04:09 [main] INFO  - Reading objects from: pokemons.json
01:04:09 [main] INFO  - Registered new bean: com.oop.project.services.PokemonService
01:04:09 [main] INFO  - Registered new bean: com.oop.project.ApplicationRunner
01:04:09 [main] INFO  - Registered new bean: com.oop.project.repositories.TrainerRepository
01:04:09 [main] INFO  - Reading objects from: trainers.json
01:04:09 [main] INFO  - Registered new bean: com.oop.project.repositories.ItemRepository
01:04:09 [main] INFO  - Reading objects from: items.json
01:04:09 [main] INFO  - Registered new bean: com.oop.project.services.ItemService
01:04:09 [main] INFO  - Registered new bean: com.oop.project.repositories.PokemonRepository
01:04:09 [main] INFO  - Reading objects from: pokemons.json
01:04:09 [main] INFO  - Registered new bean: com.oop.project.services.PokemonService
01:04:09 [main] INFO  - Reading objects from: trainers.json
01:04:09 [main] INFO  - Registered new bean: com.oop.project.services.TrainerService
01:04:09 [main] INFO  - Registered new bean: com.oop.project.repositories.ItemRepository
01:04:09 [main] INFO  - Registered new bean: com.oop.project.repositories.ItemRepository
01:04:09 [main] INFO  - Reading objects from: items.json
01:04:09 [main] INFO  - Registered new bean: com.oop.project.services.ItemService
01:04:09 [main] INFO  - Registered new bean: com.oop.project.repositories.TrainerRepository
01:04:09 [main] INFO  - Post processor intercepted call of: getInputFilePath
01:04:09 [main] INFO  - Post processor intercepted call of: updateItems
01:04:09 [main] INFO  - Reading objects from: trainers.json
01:04:09 [main] INFO  - Registered new bean: com.oop.project.repositories.ItemRepository
01:04:09 [main] INFO  - Reading objects from: items.json
01:04:09 [main] INFO  - Registered new bean: com.oop.project.services.ItemService
01:04:09 [main] INFO  - Registered new bean: com.oop.project.repositories.PokemonRepository
01:04:09 [main] INFO  - Reading objects from: pokemons.json
01:04:09 [main] INFO  - Registered new bean: com.oop.project.services.PokemonService
01:04:09 [main] INFO  - Post processor intercepted call of: updateItems
01:04:09 [main] INFO  - Reading objects from: trainers.json
01:04:09 [main] INFO  - Registered new bean: com.oop.project.repositories.ItemRepository
01:04:09 [main] INFO  - Post processor intercepted call of: getInputFilePath
01:04:09 [main] INFO  - Post processor intercepted call of: updateItems
01:04:09 [main] INFO  - Reading objects from: items.json
01:04:09 [main] INFO  - Post processor intercepted call of: getInputFilePath
01:04:09 [main] INFO  - Post processor intercepted call of: updateItems
01:04:09 [main] INFO  - Reading objects from: pokemons.json
01:04:09 [main] INFO  - Start application.
01:04:09 [main] INFO  - Post processor intercepted call of: getPreparedTrainer
01:04:09 [main] ERROR - Unexpected exception: 
java.lang.reflect.InvocationTargetException: null
	at jdk.internal.reflect.DirectMethodHandleAccessor.invoke(DirectMethodHandleAccessor.java:119) ~[?:?]
	at java.lang.reflect.Method.invoke(Method.java:577) ~[?:?]
	at com.oop.project.ioc.processors.LoggingBeanPostProcessor$1.intercept(LoggingBeanPostProcessor.java:32) ~[classes/:?]
	at com.oop.project.services.TrainerService$$EnhancerByCGLIB$$5251afc3.getPreparedTrainer(<generated>) ~[classes/:?]
	at com.oop.project.ApplicationRunner.run(ApplicationRunner.java:34) ~[classes/:?]
	at com.oop.project.Main.main(Main.java:22) [classes/:?]
Caused by: org.springframework.cglib.proxy.UndeclaredThrowableException: java.lang.reflect.InvocationTargetException-->null
	at com.oop.project.models.BattlePokemon$$EnhancerByCGLIB$$c8c0d960.compareTo(<generated>) ~[classes/:?]
	at java.util.TreeMap.compare(TreeMap.java:1569) ~[?:?]
	at java.util.TreeMap.addEntryToEmptyMap(TreeMap.java:776) ~[?:?]
	at java.util.TreeMap.put(TreeMap.java:785) ~[?:?]
	at java.util.TreeMap.put(TreeMap.java:534) ~[?:?]
	at java.util.TreeSet.add(TreeSet.java:255) ~[?:?]
	at com.oop.project.models.Trainer.addBattlePokemon(Trainer.java:108) ~[classes/:?]
	at com.oop.project.services.TrainerService.getPreparedTrainer(TrainerService.java:37) ~[classes/:?]
	at jdk.internal.reflect.DirectMethodHandleAccessor.invoke(DirectMethodHandleAccessor.java:104) ~[?:?]
	... 5 more
Caused by: java.lang.reflect.InvocationTargetException
	at jdk.internal.reflect.DirectMethodHandleAccessor.invoke(DirectMethodHandleAccessor.java:116) ~[?:?]
	at java.lang.reflect.Method.invoke(Method.java:577) ~[?:?]
	at com.oop.project.proxy.ProxyBattlePokemon.lambda$preparePokemonWithLog$0(ProxyBattlePokemon.java:36) ~[classes/:?]
	at com.oop.project.models.BattlePokemon$$EnhancerByCGLIB$$c8c0d960.compareTo(<generated>) ~[classes/:?]
	at java.util.TreeMap.compare(TreeMap.java:1569) ~[?:?]
	at java.util.TreeMap.addEntryToEmptyMap(TreeMap.java:776) ~[?:?]
	at java.util.TreeMap.put(TreeMap.java:785) ~[?:?]
	at java.util.TreeMap.put(TreeMap.java:534) ~[?:?]
	at java.util.TreeSet.add(TreeSet.java:255) ~[?:?]
	at com.oop.project.models.Trainer.addBattlePokemon(Trainer.java:108) ~[classes/:?]
	at com.oop.project.services.TrainerService.getPreparedTrainer(TrainerService.java:37) ~[classes/:?]
	at jdk.internal.reflect.DirectMethodHandleAccessor.invoke(DirectMethodHandleAccessor.java:104) ~[?:?]
	... 5 more
Caused by: java.lang.NullPointerException: Cannot invoke "com.oop.project.models.Attack.getNormalAttack()" because the return value of "com.oop.project.models.BattlePokemon.getAttack()" is null
	at com.oop.project.models.BattlePokemon.sumAllStats(BattlePokemon.java:167) ~[classes/:?]
	at com.oop.project.models.BattlePokemon.compareTo(BattlePokemon.java:177) ~[classes/:?]
	at com.oop.project.models.BattlePokemon.compareTo(BattlePokemon.java:13) ~[classes/:?]
	at jdk.internal.reflect.DirectMethodHandleAccessor.invoke(DirectMethodHandleAccessor.java:104) ~[?:?]
	at java.lang.reflect.Method.invoke(Method.java:577) ~[?:?]
	at com.oop.project.proxy.ProxyBattlePokemon.lambda$preparePokemonWithLog$0(ProxyBattlePokemon.java:36) ~[classes/:?]
	at com.oop.project.models.BattlePokemon$$EnhancerByCGLIB$$c8c0d960.compareTo(<generated>) ~[classes/:?]
	at java.util.TreeMap.compare(TreeMap.java:1569) ~[?:?]
	at java.util.TreeMap.addEntryToEmptyMap(TreeMap.java:776) ~[?:?]
	at java.util.TreeMap.put(TreeMap.java:785) ~[?:?]
	at java.util.TreeMap.put(TreeMap.java:534) ~[?:?]
	at java.util.TreeSet.add(TreeSet.java:255) ~[?:?]
	at com.oop.project.models.Trainer.addBattlePokemon(Trainer.java:108) ~[classes/:?]
	at com.oop.project.services.TrainerService.getPreparedTrainer(TrainerService.java:37) ~[classes/:?]
	at jdk.internal.reflect.DirectMethodHandleAccessor.invoke(DirectMethodHandleAccessor.java:104) ~[?:?]
	... 5 more
